01:33:01 **** Incremental Build of configuration Debug for project ejercicio 4.2 ****
Info: Internal Builder is used for build
gcc -o "ejercicio 4.2.exe" "src\\calculos.o" "src\\ejercicio 4.2.o" "src\\validacion.o" 
c:/mingw/bin/../lib/gcc/mingw32/6.3.0/../../../../mingw32/bin/ld.exe: cannot open output file ejercicio 4.2.exe: Permission denied
collect2.exe: error: ld returned 1 exit status
01:33:04 **** Incremental Build of configuration Debug for project ejercicio 4.2 ****
Info: Internal Builder is used for build
gcc -O0 -g3 -Wall -c -fmessage-length=0 -o "src\\validacion.o" "..\\src\\validacion.c" 
gcc -o "ejercicio 4.2.exe" "src\\calculos.o" "src\\ejercicio 4.2.o" "src\\validacion.o" 
c:/mingw/bin/../lib/gcc/mingw32/6.3.0/../../../../mingw32/bin/ld.exe: cannot open output file ejercicio 4.2.exe: Permission denied
collect2.exe: error: ld returned 1 exit status
01:38:17 **** Incremental Build of configuration Debug for project ejercicio 4.2 ****
Info: Internal Builder is used for build
gcc -O0 -g3 -Wall -c -fmessage-length=0 -o "src\\ejercicio 4.2.o" "..\\src\\ejercicio 4.2.c" 
..\src\ejercicio 4.2.c: In function 'main':
..\src\ejercicio 4.2.c:32:26: warning: format '%d' expects argument of type 'int', but argument 3 has type 'int (*)(char)' [-Wformat=]
  printf("Grados %c es : %d",grado , temperaturaValidacion);
                          ^
gcc -O0 -g3 -Wall -c -fmessage-length=0 -o "src\\validacion.o" "..\\src\\validacion.c" 
gcc -o "ejercicio 4.2.exe" "src\\calculos.o" "src\\ejercicio 4.2.o" "src\\validacion.o" 
Info: Nothing to build for ejercicio 4.2
Info: Nothing to build for ejercicio 4.2
Info: Nothing to build for ejercicio 4.2
Info: Nothing to build for ejercicio 4.2
01:39:40 **** Incremental Build of configuration Debug for project ejercicio 4.2 ****
Info: Internal Builder is used for build
gcc -O0 -g3 -Wall -c -fmessage-length=0 -o "src\\ejercicio 4.2.o" "..\\src\\ejercicio 4.2.c" 
..\src\ejercicio 4.2.c: In function 'main':
..\src\ejercicio 4.2.c:32:26: warning: format '%c' expects argument of type 'int', but argument 3 has type 'int (*)(char)' [-Wformat=]
  printf("Grados %c es : %c",grado , temperaturaValidacion);
                          ^
gcc -o "ejercicio 4.2.exe" "src\\calculos.o" "src\\ejercicio 4.2.o" "src\\validacion.o" 
Info: Nothing to build for ejercicio 4.2
Info: Nothing to build for ejercicio 4.2
Info: Nothing to build for ejercicio 4.2
01:47:36 **** Incremental Build of configuration Debug for project ejercicio 4.2 ****
Info: Internal Builder is used for build
gcc -O0 -g3 -Wall -c -fmessage-length=0 -o "src\\ejercicio 4.2.o" "..\\src\\ejercicio 4.2.c" 
..\src\ejercicio 4.2.c: In function 'main':
..\src\ejercicio 4.2.c:32:26: warning: format '%c' expects argument of type 'int', but argument 3 has type 'int (*)(char)' [-Wformat=]
  printf("Grados %c es : %c",grado , temperaturaValidacion);
                          ^
gcc -O0 -g3 -Wall -c -fmessage-length=0 -o "src\\validacion.o" "..\\src\\validacion.c" 
gcc -o "ejercicio 4.2.exe" "src\\calculos.o" "src\\ejercicio 4.2.o" "src\\validacion.o" 
Info: Nothing to build for ejercicio 4.2
01:48:52 **** Incremental Build of configuration Debug for project ejercicio 4.2 ****
Info: Internal Builder is used for build
gcc -O0 -g3 -Wall -c -fmessage-length=0 -o "src\\ejercicio 4.2.o" "..\\src\\ejercicio 4.2.c" 
..\src\ejercicio 4.2.c: In function 'main':
..\src\ejercicio 4.2.c:32:26: warning: format '%d' expects argument of type 'int', but argument 3 has type 'int (*)(char)' [-Wformat=]
  printf("Grados %d es : %d",grado ,temperaturaValidacion);
                          ^
gcc -o "ejercicio 4.2.exe" "src\\calculos.o" "src\\ejercicio 4.2.o" "src\\validacion.o" 
Info: Nothing to build for ejercicio 4.2
Info: Nothing to build for ejercicio 4.2
Info: Nothing to build for ejercicio 4.2
Info: Nothing to build for ejercicio 4.2
01:59:05 **** Incremental Build of configuration Debug for project ejercicio 4.2 ****
Info: Internal Builder is used for build
gcc -O0 -g3 -Wall -c -fmessage-length=0 -o "src\\validacion.o" "..\\src\\validacion.c" 
gcc -o "ejercicio 4.2.exe" "src\\calculos.o" "src\\ejercicio 4.2.o" "src\\validacion.o" 
Info: Nothing to build for ejercicio 4.2
Info: Nothing to build for ejercicio 4.2
02:00:29 **** Incremental Build of configuration Debug for project ejercicio 4.2 ****
Info: Internal Builder is used for build
gcc -O0 -g3 -Wall -c -fmessage-length=0 -o "src\\validacion.o" "..\\src\\validacion.c" 
gcc -o "ejercicio 4.2.exe" "src\\calculos.o" "src\\ejercicio 4.2.o" "src\\validacion.o" 
Info: Nothing to build for ejercicio 4.2
Info: Nothing to build for ejercicio 4.2
